Build target 'SC51F33xx'
linking...
*** WARNING L13: RECURSIVE CALL TO SEGMENT
    SEGMENT: ?CO?ROM
    CALLER:  ?PR?GET_MAP_POINTER?COMMON

*** WARNING L13: RECURSIVE CALL TO SEGMENT
    SEGMENT: ?CO?ROM
    CALLER:  ?PR?_LOADCUSTDATAWITHFORMAT?COMMON

*** WARNING L13: RECURSIVE CALL TO SEGMENT
    SEGMENT: ?CO?ROM
    CALLER:  ?PR?SEND_UR_READY?COMMON

*** WARNING L13: RECURSIVE CALL TO SEGMENT
    SEGMENT: ?PR?_GETKEY?COMMON
    CALLER:  ?PR?GETSAMEKEY_WAIT?FUNCTION_KEY

*** WARNING L13: RECURSIVE CALL TO SEGMENT
    SEGMENT: ?PR?_GETKEY?COMMON
    CALLER:  ?PR?_PULSEOUT_ABOVE_NFRAME?FUNCTION_KEY

Program Size: data=131.2 xdata=767 code=31879
creating hex file from ".\Output\demo"...
".\Output\demo" - 0 Error(s), 5 Warning(s).
Build Time Elapsed:  00:00:01
