C51 COMPILER V9.00   ACMP                                                                  04/19/2017 13:54:29 PAGE 1   


C51 COMPILER V9.00, COMPILATION OF MODULE ACMP
OBJECT MODULE PLACED IN .\Output\acmp.obj
COMPILER INVOKED BY: C:\Keil\C51\BIN\C51.EXE ..\..\..\Libraries\sc51f3364_Periph_Driver\src\acmp.c BROWSE INCDIR(..\..\.
                    -.\Libraries\sc51f3364_Periph_Driver\inc;..\..\..\Libraries\sc51f3364_Periph_Driver\src;.\user\inc;.\user\src;..\IR_Sampl
                    -e) DEBUG OBJECTEXTEND PRINT(.\Listing\acmp.lst) OBJECT(.\Output\acmp.obj)

line level    source

   1          /**
   2            ******************************************************************************
   3            * @file      acmp.c
   4            * @author    MCU Application Team 
   5            * @version   V1.0.0
   6            * @date      12-Oct-2016
   7            * @brief     spi functions
   8            *            History:
   9            *
  10            ******************************************************************************
  11            * @attention
  12            *
  13            * <h2><center>&copy; COPYRIGHT 2016 Silan Microelectronics </center></h2>
  14            *
  15            * THE PRESENT SOFTWARE WHICH IS FOR GUIDANCE ONLY AIMS AT PROVIDING CUSTOMERS
  16            * WITH CODING INFORMATION REGARDING THEIR PRODUCTS IN ORDER FOR THEM TO SAVE TIME.
  17            * AS A RESULT, SLMICROELECTRONICS SHALL NOT BE HELD LIABLE FOR ANY DIRECT,
  18            * INDIRECT OR CONSEQUENTIAL DAMAGES WITH RESPECT TO ANY CLAIMS ARISING FROM THE
  19            * CONTENT OF SUCH SOFTWARE AND/OR THE USE MADE BY CUSTOMERS OF THE CODING
  20            * INFORMATION CONTAINED HEREIN IN CONNECTION WITH THEIR PRODUCTS.
  21            *
  22            * THIS SOFTWARE IS PROVIDED BY THE COPYRIGHT HOLDERS AND CONTRIBUTORS "AS IS"
  23            * AND ANY EXPRESS OR IMPLIED WARRANTIES, INCLUDING, BUT NOT LIMITED TO, THE
  24            * IMPLIED WARRANTIES OF MERCHANTABILITY AND FITNESS FOR A PARTICULAR PURPOSE ARE
  25            * DISCLAIMED.
  26            * 
  27            ******************************************************************************
  28            */
  29            
  30          #include <INTRINS.H>
  31          #include "SC51F33XX.h"
  32          #include "sc51f33xx_sys.h"
  33          #include "sc51f33xx_hal_conf.h"
  34          
  35          /******************** (C) COPYRIGHT Silan Microelectronics *****END OF FILE****/


MODULE INFORMATION:   STATIC OVERLAYABLE
   CODE SIZE        =   ----    ----
   CONSTANT SIZE    =   ----    ----
   XDATA SIZE       =   ----    ----
   PDATA SIZE       =   ----    ----
   DATA SIZE        =   ----    ----
   IDATA SIZE       =   ----    ----
   BIT SIZE         =   ----    ----
END OF MODULE INFORMATION.


C51 COMPILATION COMPLETE.  0 WARNING(S),  0 ERROR(S)
