C51 COMPILER V9.60.0.0   CRT                                                               12/02/2021 14:01:34 PAGE 1   


C51 COMPILER V9.60.0.0, COMPILATION OF MODULE CRT
OBJECT MODULE PLACED IN .\Output\crt.obj
COMPILER INVOKED BY: C:\Keil_v5\C51\BIN\C51.EXE ..\Source\crt.c OPTIMIZE(8,SPEED) BROWSE DEBUG OBJECTEXTEND PRINT(.\List
                    -ing\crt.lst) TABS(2) OBJECT(.\Output\crt.obj)

line level    source

   1          /**
   2            ******************************************************************************
   3            * @file      crt.c
   4            * @author    MCU Application Team 
   5            * @version   V1.0.0
   6            * @date      12-Oct-2016
   7            * @brief     crt functions
   8            *            History:
   9            *
  10            ******************************************************************************
  11            * @attention
  12            *
  13            * <h2><center>&copy; COPYRIGHT 2019 Silan Microelectronics </center></h2>
  14            *
  15            * THE PRESENT SOFTWARE WHICH IS FOR GUIDANCE ONLY AIMS AT PROVIDING CUSTOMERS
  16            * WITH CODING INFORMATION REGARDING THEIR PRODUCTS IN ORDER FOR THEM TO SAVE TIME.
  17            * AS A RESULT, SLMICROELECTRONICS SHALL NOT BE HELD LIABLE FOR ANY DIRECT,
  18            * INDIRECT OR CONSEQUENTIAL DAMAGES WITH RESPECT TO ANY CLAIMS ARISING FROM THE
  19            * CONTENT OF SUCH SOFTWARE AND/OR THE USE MADE BY CUSTOMERS OF THE CODING
  20            * INFORMATION CONTAINED HEREIN IN CONNECTION WITH THEIR PRODUCTS.
  21            *
  22            * THIS SOFTWARE IS PROVIDED BY THE COPYRIGHT HOLDERS AND CONTRIBUTORS "AS IS"
  23            * AND ANY EXPRESS OR IMPLIED WARRANTIES, INCLUDING, BUT NOT LIMITED TO, THE
  24            * IMPLIED WARRANTIES OF MERCHANTABILITY AND FITNESS FOR A PARTICULAR PURPOSE ARE
  25            * DISCLAIMED.
  26            * 
  27            ******************************************************************************
  28            */
  29          
  30          #include "SC51F33XX.h"
  31          #include "crt.h"
  32          /**
  33            * @brief Carrier function ON OFF
  34            * @param bi enable CRT or disable CRT
  35            *     @arg 0---off
  36            *     @arg 1---on
  37            * @retval None
  38            */
  39          void CRT_onoff(BYTE bi)
  40          {
  41   1          if(bi == CRT_ON)
  42   1              CRTCON1 |= (1<<CRTEN);  // enable CRT
  43   1          else //CRT_OFF
  44   1              CRTCON1 &= ~(1<<CRTEN); // diable CRT
  45   1      }
  46          
  47          /**
  48            * @brief Carrier mode select
  49            * @param bmode: modulate or demodulate
  50            *     @arg 0---modulate
  51            *     @arg 1---demodulate
  52            * @retval None
  53            */
  54          void CRT_modesel(BYTE bmode)
C51 COMPILER V9.60.0.0   CRT                                                               12/02/2021 14:01:34 PAGE 2   

  55          {
  56   1        if(bmode == CRT_DEMODULATE)
  57   1              CRTCON1 |= (1<<CRTMODE); // demodulation mode.
  58   1          else // CRT_MODULATE
  59   1              CRTCON1 &= ~(1<<CRTMODE); // modulation mode
  60   1      }
  61          
  62          /**
  63            * @brief Carrier input source select
  64            * @param bcrtis
  65            *     @arg 0---select P3.0
  66            *     @arg 1---select T168 out
  67            * @retval None
  68            */
  69          void CRT_insel(BYTE bcrtis)
  70          {
  71   1        if(bcrtis == CRT_INT168)
  72   1              CRTCON1 |= (1<<CRTIS); // T168
  73   1          else // CRT_INP30
  74   1              CRTCON1 &= ~(1<<CRTIS); // P3.0
  75   1      }
  76          
  77          /**
  78            * @brief Carrier out phase invert
  79            * @param bremops
  80            *     @arg 0---positive output: CRTDATA0 is the low width of Carrier T, CRTDATA1 is the High...
  81            *     @arg 1---inverted output: CRTDATA0 is the High width of Carrier T, CRTDATA1 is the Low...
  82            * @retval None
  83            */
  84          void CRT_remops(BYTE bremops)
  85          {
  86   1        if(bremops == CRT_REMOPS1)
  87   1              CRTCON1 |= (1<<REMOPS); // inverted output.
  88   1          else // CRT_REMOPS0
  89   1              CRTCON1 &= ~(1<<REMOPS);  // positive output, 
  90   1                                        // CRTDATA0 sets the low voltage width and 
  91   1                                        // CRTDATA1 sets the high voltage width.
  92   1      }
  93          
  94          /**
  95            * @brief Carrier clock divider
  96            * @param div Fclk/div bit3~bit0 of div is valid.
  97            * @retval None
  98            */
  99          void CRT_clkdiv(BYTE div)
 100          {
 101   1        BYTE read;
 102   1        read = CRTCON2;
 103   1        read &= 0xF0;
 104   1        read |= div;
 105   1        CRTCON2 = read;
 106   1      }
 107          
 108          /**
 109            * @brief REM map to GPIO P3.0
 110            * @retval None
 111            */
 112          void CRT_REM2P30()
 113          {
 114   1        xIOMUX0 |= (1<<REMEN); // enable REM multiplex.
 115   1        xIOMUX2 &= ~(1<<CRTOE); // disable CRTOUT multiplex
 116   1      }
C51 COMPILER V9.60.0.0   CRT                                                               12/02/2021 14:01:34 PAGE 3   

 117          
 118          #if 0
              void CRT_carryset(int32u i)
              {
                CRTDATA0 = i;
              }
              #endif
 124          
 125          
 126          /******************** (C) COPYRIGHT Silan Microelectronics *****END OF FILE****/


MODULE INFORMATION:   STATIC OVERLAYABLE
   CODE SIZE        =     78    ----
   CONSTANT SIZE    =   ----    ----
   XDATA SIZE       =   ----    ----
   PDATA SIZE       =   ----    ----
   DATA SIZE        =   ----    ----
   IDATA SIZE       =   ----    ----
   BIT SIZE         =   ----    ----
END OF MODULE INFORMATION.


C51 COMPILATION COMPLETE.  0 WARNING(S),  0 ERROR(S)
