C51 COMPILER V9.00   KBI                                                                   04/19/2017 13:53:42 PAGE 1   


C51 COMPILER V9.00, COMPILATION OF MODULE KBI
OBJECT MODULE PLACED IN .\Output\kbi.obj
COMPILER INVOKED BY: C:\Keil\C51\BIN\C51.EXE ..\..\..\Libraries\sc51f3364_Periph_Driver\src\kbi.c BROWSE INCDIR(..\..\..
                    -\Libraries\sc51f3364_Periph_Driver\inc;..\..\..\Libraries\sc51f3364_Periph_Driver\src;.\user\inc;.\user\src;..\IR_Sample
                    -) DEBUG OBJECTEXTEND PRINT(.\Listing\kbi.lst) OBJECT(.\Output\kbi.obj)

line level    source

   1          /**
   2            ******************************************************************************
   3            * @file      kbi.c
   4            * @author    MCU Application Team 
   5            * @version   V1.0.0
   6            * @date      12-Oct-2016
   7            * @brief     kbi
   8            *            History:
   9            *
  10            ******************************************************************************
  11            * @attention
  12            *
  13            * <h2><center>&copy; COPYRIGHT 2016 Silan Microelectronics </center></h2>
  14            *
  15            * THE PRESENT SOFTWARE WHICH IS FOR GUIDANCE ONLY AIMS AT PROVIDING CUSTOMERS
  16            * WITH CODING INFORMATION REGARDING THEIR PRODUCTS IN ORDER FOR THEM TO SAVE TIME.
  17            * AS A RESULT, SILAN MICROELECTRONICS SHALL NOT BE HELD LIABLE FOR ANY DIRECT,
  18            * INDIRECT OR CONSEQUENTIAL DAMAGES WITH RESPECT TO ANY CLAIMS ARISING FROM THE
  19            * CONTENT OF SUCH SOFTWARE AND/OR THE USE MADE BY CUSTOMERS OF THE CODING
  20            * INFORMATION CONTAINED HEREIN IN CONNECTION WITH THEIR PRODUCTS.
  21            *
  22            * THIS SOFTWARE IS PROVIDED BY THE COPYRIGHT HOLDERS AND CONTRIBUTORS "AS IS"
  23            * AND ANY EXPRESS OR IMPLIED WARRANTIES, INCLUDING, BUT NOT LIMITED TO, THE
  24            * IMPLIED WARRANTIES OF MERCHANTABILITY AND FITNESS FOR A PARTICULAR PURPOSE ARE
  25            * DISCLAIMED.
  26            * 
  27            ******************************************************************************
  28            */
  29          
  30          #include "SC51F33XX.h"
  31          #include "sc51f33xx_sys.h"
  32          #include "sc51f33xx_hal_conf.h"
  33          #include "kbi.h"
  34          
  35          
  36          /**
  37            * @brief port P1 KBI enable
  38            * @note 
  39            */
  40          void kbi_p1en(U8 i)
  41          {
  42   1              xP1KBICON = i;
  43   1      }
  44          
  45          /**
  46            * @brief KBI interrupt enable
  47            * @note  
  48            */
  49          void kbi_inten()
  50          {
  51   1              EIE2 |= 1<<6;
  52   1              EA = 1;
  53   1      }
C51 COMPILER V9.00   KBI                                                                   04/19/2017 13:53:42 PAGE 2   

  54          /**
  55            * @brief KBI flag clear
  56            * @note read KBIFLG and then clear, repeat again one time.
  57            */
  58          void kbiflg_clear(void)
  59          {
  60   1          KBIFLG &= ~1;
  61   1          KBIFLG &= ~1;
  62   1      }
  63          
  64          #ifdef __SYS_KBI_IT
              /**
                * @brief KBI interrupt handle
                * @note read KBIFLG and then clear, repeat again one time.
                */
              void kbi_isr(void) interrupt 20 using 1
              {
                      KBIFLG &= ~1;
                      KBIFLG &= ~1;
              }
              #endif /* SYS_KBI_IT */
  75          
  76          /******************** (C) COPYRIGHT Silan Microelectronics *****END OF FILE****/


MODULE INFORMATION:   STATIC OVERLAYABLE
   CODE SIZE        =     19    ----
   CONSTANT SIZE    =   ----    ----
   XDATA SIZE       =   ----    ----
   PDATA SIZE       =   ----    ----
   DATA SIZE        =   ----    ----
   IDATA SIZE       =   ----    ----
   BIT SIZE         =   ----    ----
END OF MODULE INFORMATION.


C51 COMPILATION COMPLETE.  0 WARNING(S),  0 ERROR(S)
