C51 COMPILER V9.53.0.0   MODE                                                              09/04/2019 17:03:54 PAGE 1   


C51 COMPILER V9.53.0.0, COMPILATION OF MODULE MODE
OBJECT MODULE PLACED IN .\Output\mode.obj
COMPILER INVOKED BY: C:\Keil_v5\C51\BIN\C51.EXE ..\..\..\Libraries\sc51f3364_Periph_Driver\src\mode.c OPTIMIZE(8,SPEED) 
                    -BROWSE INCDIR(..\..\..\Libraries\sc51f3364_Periph_Driver\inc;..\..\..\Libraries\sc51f3364_Periph_Driver\src;.\user\inc;.
                    -\user\src;..\IR_Sample) DEBUG OBJECTEXTEND PRINT(.\Listing\mode.lst) OBJECT(.\Output\mode.obj)

line level    source

   1          /**
   2            ******************************************************************************
   3            * @file      mode.c
   4            * @author    MCU Application Team 
   5            * @version   V1.0.0
   6            * @date      12-Oct-2016
   7            * @brief     mode
   8            *            History:
   9            *
  10            ******************************************************************************
  11            * @attention
  12            *
  13            * <h2><center>&copy; COPYRIGHT 2016 Silan Microelectronics </center></h2>
  14            *
  15            * THE PRESENT SOFTWARE WHICH IS FOR GUIDANCE ONLY AIMS AT PROVIDING CUSTOMERS
  16            * WITH CODING INFORMATION REGARDING THEIR PRODUCTS IN ORDER FOR THEM TO SAVE TIME.
  17            * AS A RESULT, SILAN MICROELECTRONICS SHALL NOT BE HELD LIABLE FOR ANY DIRECT,
  18            * INDIRECT OR CONSEQUENTIAL DAMAGES WITH RESPECT TO ANY CLAIMS ARISING FROM THE
  19            * CONTENT OF SUCH SOFTWARE AND/OR THE USE MADE BY CUSTOMERS OF THE CODING
  20            * INFORMATION CONTAINED HEREIN IN CONNECTION WITH THEIR PRODUCTS.
  21            *
  22            * THIS SOFTWARE IS PROVIDED BY THE COPYRIGHT HOLDERS AND CONTRIBUTORS "AS IS"
  23            * AND ANY EXPRESS OR IMPLIED WARRANTIES, INCLUDING, BUT NOT LIMITED TO, THE
  24            * IMPLIED WARRANTIES OF MERCHANTABILITY AND FITNESS FOR A PARTICULAR PURPOSE ARE
  25            * DISCLAIMED.
  26            * 
  27            ******************************************************************************
  28            */
  29          #include <INTRINS.H>
  30          #include "SC51F33XX.h"
  31          #include "sc51f33xx_sys.h"
  32          #include "sc51f33xx_hal_conf.h"
  33          #include "mode.h"
  34          
  35          /**
  36            * @brief enter stop mode
  37            * @retval None
  38            */
  39          void enter_stop(void)
  40          {
  41   1          /* to reduce power consumption, close internal VBG, closed LVR, LVD functions */
  42   1          /* But if xSTOPCFG.3(PWRCFG)==1, the LVRCON must be kept enabled before go to stop mode, 
  43   1             then the LVR(VBG) automatically closed by hardware when entered stop mode, and it will be 
  44   1             enabled again at the time waking from stop mode by hardware */
  45   1          if(xSTOPCFG & 0x08) /* very important here */
  46   1          {
  47   2                  LVRCON |= 0xa0; /* very important here */
  48   2          }
  49   1          
  50   1          /* make sure the two WPKEY and PCON consecutive instructions 
  51   1             are not interrupted*/
  52   1          /* make sure no KBI key pressed, if not, the entering to stop
  53   1             mode won't be succeed */
C51 COMPILER V9.53.0.0   MODE                                                              09/04/2019 17:03:54 PAGE 2   

  54   1              WPKEY = 0x37;
  55   1              PCON = 0x02;  /* goto stop mode, 
  56   1                           if succeed, instuction will stop here, 
  57   1                           if failed, go to the next instruction */
  58   1          /* waked up , LVR enabled again by hardware if((xSTOPCFG.3==1) and (LVR enabled before go to stop mode
             -)) */
  59   1          _nop_();
  60   1          _nop_();
  61   1      }
  62          
  63          /**
  64            * @brief enter idle mode
  65            * @retval None
  66            */
  67          void enter_idle(void)
  68          {
  69   1          WPKEY = 0x37;
  70   1          PCON = 0x01;
  71   1          _nop_();
  72   1          _nop_();
  73   1      }
  74          /******************** (C) COPYRIGHT Silan Microelectronics *****END OF FILE****/


MODULE INFORMATION:   STATIC OVERLAYABLE
   CODE SIZE        =     28    ----
   CONSTANT SIZE    =   ----    ----
   XDATA SIZE       =   ----    ----
   PDATA SIZE       =   ----    ----
   DATA SIZE        =   ----    ----
   IDATA SIZE       =   ----    ----
   BIT SIZE         =   ----    ----
END OF MODULE INFORMATION.


C51 COMPILATION COMPLETE.  0 WARNING(S),  0 ERROR(S)
