C51 COMPILER V9.00   PWM                                                                   04/19/2017 13:53:12 PAGE 1   


C51 COMPILER V9.00, COMPILATION OF MODULE PWM
OBJECT MODULE PLACED IN .\Output\pwm.obj
COMPILER INVOKED BY: C:\Keil\C51\BIN\C51.EXE ..\..\..\Libraries\sc51f3364_Periph_Driver\src\pwm.c BROWSE INCDIR(..\..\..
                    -\Libraries\sc51f3364_Periph_Driver\inc;..\..\..\Libraries\sc51f3364_Periph_Driver\src;.\user\inc;.\user\src;..\IR_Sample
                    -) DEBUG OBJECTEXTEND PRINT(.\Listing\pwm.lst) OBJECT(.\Output\pwm.obj)

line level    source

   1          /**
   2            ******************************************************************************
   3            * @file      pwm.c
   4            * @author    MCU Application Team 
   5            * @version   V1.0.0
   6            * @date      12-Oct-2016
   7            * @brief     spi functions
   8            *            History:
   9            *
  10            ******************************************************************************
  11            * @attention
  12            *
  13            * <h2><center>&copy; COPYRIGHT 2016 Silan Microelectronics </center></h2>
  14            *
  15            * THE PRESENT SOFTWARE WHICH IS FOR GUIDANCE ONLY AIMS AT PROVIDING CUSTOMERS
  16            * WITH CODING INFORMATION REGARDING THEIR PRODUCTS IN ORDER FOR THEM TO SAVE TIME.
  17            * AS A RESULT, SLMICROELECTRONICS SHALL NOT BE HELD LIABLE FOR ANY DIRECT,
  18            * INDIRECT OR CONSEQUENTIAL DAMAGES WITH RESPECT TO ANY CLAIMS ARISING FROM THE
  19            * CONTENT OF SUCH SOFTWARE AND/OR THE USE MADE BY CUSTOMERS OF THE CODING
  20            * INFORMATION CONTAINED HEREIN IN CONNECTION WITH THEIR PRODUCTS.
  21            *
  22            * THIS SOFTWARE IS PROVIDED BY THE COPYRIGHT HOLDERS AND CONTRIBUTORS "AS IS"
  23            * AND ANY EXPRESS OR IMPLIED WARRANTIES, INCLUDING, BUT NOT LIMITED TO, THE
  24            * IMPLIED WARRANTIES OF MERCHANTABILITY AND FITNESS FOR A PARTICULAR PURPOSE ARE
  25            * DISCLAIMED.
  26            * 
  27            ******************************************************************************
  28            */
  29            
  30          #include <INTRINS.H>
  31          #include "SC51F33XX.h"
  32          #include "sc51f33xx_sys.h"
  33          #include "sc51f33xx_hal_conf.h"
  34          #include "pwm.h"
  35          
  36          /** @addtogroup PWM init function
  37            * @param  PWM_Pin:the pin of PWM output IO
  38            *    @arg PWM_PIN_P1_4  <-PWM0 output from P1.4->
  39            *        @arg PWM_PIN_P1_5  <-PWM1 output from P1.5->
  40            *        @arg PWM_PIN_P1_6  <-PWM2 output from P1.6->
  41            *        @arg PWM_PIN_P1_7  <-PWM3 output from P1.7->
  42            *     @param  PWM_FreVal:PWM frequency setting through the formula gived below with PWM_FreVal and PWM_Clk_D
             -iv 
  43            * @note  =======you can set the frequency here,it is in the light of========  *
  44            * --------------->PWM_FREQUENCY = 16M/PWM_FreVal*(PWM_DIV_VALUE + 1)<---------*  
  45            * ----------------------------------------------------------------------------*
  46            * @note   Duty value tacitly as 50 percent when PWM init
  47            * @retval None
  48            */
  49          void PWM_Init(U8 PWM_Pin,U8 PWM_FreVal)
  50          {
  51   1                                
  52   1          xPWMPSC  = PWM_DIV_VALUE;
C51 COMPILER V9.00   PWM                                                                   04/19/2017 13:53:12 PAGE 2   

  53   1          xPWMP    = PWM_FreVal;
  54   1          xPWM0D   = PWM_FreVal >> 1;
  55   1          switch(PWM_Pin)
  56   1          {
  57   2              case PWM_PIN_P1_4:
  58   2                   xIOMUX0 |= IOMUX_PWM0;
  59   2                   xPWMCN  |= 0x10;
  60   2                   break;
  61   2              case PWM_PIN_P1_5:
  62   2                   xIOMUX2 |= IOMUX_PWM1;
  63   2                   xPWMCN  |= 0x20;
  64   2                   break;
  65   2              case PWM_PIN_P1_6:
  66   2                   xIOMUX2 |= IOMUX_PWM2;
  67   2                   xPWMCN  |= 0x40;
  68   2                   break;
  69   2              case PWM_PIN_P1_7:
  70   2                   xIOMUX2 |= IOMUX_PWM3;
  71   2                   xPWMCN  |= 0x80;
  72   2              default:
  73   2                   break;
  74   2          }
  75   1      }
  76          /** @addtogroup PWM N.O output select function
  77            * @param  PWM_n:the pin of PWM output IO
  78            *    @arg PWM0  <-PWM0 output from P1.4->
  79            *        @arg PWM1  <-PWM0 output from P1.5->
  80            *        @arg PWM2  <-PWM0 output from P1.6->
  81            *        @arg PWM3  <-PWM0 output from P1.7->
  82            *     @param  PWM_FreVal:PWM frequency setting through the formula gived below with PWM_FreVal and PWM_Clk_D
             -iv 
  83            *     @param  PWM_DutyVal:PWM duty setting through the formula gived below with PWM_FreVal,
  84            *         and you can set it use value 0 to 100.
  85            * @note  =======you can set the frequency here,it is in the light of========  *
  86            * ------------------->PWM_FREQUENCY = (xPWM0D + 1)/(xPWMP + 1)<---------------*  
  87            * ----------------------------------------------------------------------------*
  88            * @retval None
  89            */
  90          void PWM_OutPut(U8 PWM_n,U8 PWM_FreVal,U8 PWM_DutyVal)
  91          {
  92   1              xPWMP  = PWM_FreVal;
  93   1              if(PWM_n <= 3) 
  94   1                  (*(volatile unsigned char xdata *)(0xFF7C+PWM_n)) = (U8)(((U16)PWM_DutyVal*(U16)PWM_FreVal)/10
             -0);
  95   1      }
  96                  
  97          /******************** (C) COPYRIGHT Silan Microelectronics *****END OF FILE****/


MODULE INFORMATION:   STATIC OVERLAYABLE
   CODE SIZE        =    130    ----
   CONSTANT SIZE    =   ----    ----
   XDATA SIZE       =   ----    ----
   PDATA SIZE       =   ----    ----
   DATA SIZE        =   ----    ----
   IDATA SIZE       =   ----    ----
   BIT SIZE         =   ----    ----
END OF MODULE INFORMATION.


C51 COMPILATION COMPLETE.  0 WARNING(S),  0 ERROR(S)
