C51 COMPILER V9.53.0.0   RCSENDWAVE                                                        12/08/2015 15:11:01 PAGE 1   


C51 COMPILER V9.53.0.0, COMPILATION OF MODULE RCSENDWAVE
OBJECT MODULE PLACED IN .\Objects\RcSendWave.obj
COMPILER INVOKED BY: C:\Keil_v5\C51\BIN\C51.EXE src\RcSendWave.c OPTIMIZE(8,SPEED) BROWSE INCDIR(.\inc) DEBUG OBJECTEXTE
                    -ND PRINT(.\Listings\RcSendWave.lst) TABS(2) OBJECT(.\Objects\RcSendWave.obj)

line level    source

   1          /**
   2          ********************************************************************************
   3          * @file      RcSendWave.c
   4          * @author    xiaodezhou 
   5          * @version   V1.0.0
   6          * @date      12/03/2015
   7          * @breif     T168_NEC码
   8          ********************************************************************************
   9          * History:
  10          * 12/03/2015 V1.0.0
  11          ********************************************************************************
  12          * THE PRESENT SOFTWARE WHICH IS FOR GUIDANCE ONLY AIMS AT PROVIDING CUSTOMERS
  13          * WITH CODING INFORMATION REGARDING THEIR PRODUCTS IN ORDER FOR THEM TO SAVE TIME.
  14          * AS A RESULT, SLMICROELECTRONICS SHALL NOT BE HELD LIABLE FOR ANY DIRECT,
  15          * INDIRECT OR CONSEQUENTIAL DAMAGES WITH RESPECT TO ANY CLAIMS ARISING FROM THE
  16          * CONTENT OF SUCH SOFTWARE AND/OR THE USE MADE BY CUSTOMERS OF THE CODING
  17          * INFORMATION CONTAINED HEREIN IN CONNECTION WITH THEIR PRODUCTS.
  18          *
  19          * THIS SOURCE CODE IS PROTECTED BY A LICENSE.
  20          * FOR MORE INFORMATION PLEASE CAREFULLY READ THE LICENSE AGREEMENT FILE LOCATED
  21          * IN THE ROOT DIRECTORY OF THIS FIRMWARE PACKAGE.
  22          * <h2><center>&copy; COPYRIGHT 2015 Silan Microelectronics </center></h2>
  23          ********************************************************************************
  24          */
  25          #include <INTRINS.H>
  26          #include "SC51F33XX.h"
  27          //#include "DataType.h"
  28          #include "DataReg.h"
  29          
  30          
  31          #define WAVENUMS 68
  32          
  33          // 单帧NEC
  34          U16 code c_wave[WAVENUMS]={0x9194,0x08ca,
  35                  0x8118,0x0118,0x8118,0x0118,0x8118,0x0118,0x8118,0x0348,
  36                  0x8118,0x0118,0x8118,0x0118,0x8118,0x0118,0x8118,0x0118,
  37                  0x8118,0x0118,0x8118,0x0118,0x8118,0x0118,0x8118,0x0348,
  38                  0x8118,0x0118,0x8118,0x0118,0x8118,0x0118,0x8118,0x0118,
  39                  0x8118,0x0348,0x8118,0x0348,0x8118,0x0118,0x8118,0x0348,
  40                  0x8118,0x0348,0x8118,0x0348,0x8118,0x0118,0x8118,0x0348,
  41                  0x8118,0x0118,0x8118,0x0118,0x8118,0x0348,0x8118,0x0118,
  42                  0x8118,0x0118,0x8118,0x0118,0x8118,0x0348,0x8118,0x0118,
  43                  0x8118,0x0118};
  44          // 两帧
  45          U16 code c_wave1[73]={0x9194,0x08ca,
  46                  0x8118,0x0118,0x8118,0x0118,0x8118,0x0118,0x8118,0x0348,
  47                  0x8118,0x0118,0x8118,0x0118,0x8118,0x0118,0x8118,0x0118,
  48                  0x8118,0x0118,0x8118,0x0118,0x8118,0x0118,0x8118,0x0348,
  49                  0x8118,0x0118,0x8118,0x0118,0x8118,0x0118,0x8118,0x0118,
  50                  0x8118,0x0348,0x8118,0x0348,0x8118,0x0118,0x8118,0x0348,
  51                  0x8118,0x0348,0x8118,0x0348,0x8118,0x0118,0x8118,0x0348,
  52                  0x8118,0x0118,0x8118,0x0118,0x8118,0x0348,0x8118,0x0118,
  53                  0x8118,0x0118,0x8118,0x0118,0x8118,0x0348,0x8118,0x0118,
  54                  0x8118,0x0118,0x5AA0,0x9194,0x0465,0x8118,0x0118};
C51 COMPILER V9.53.0.0   RCSENDWAVE                                                        12/08/2015 15:11:01 PAGE 2   

  55          // 两帧长间隔
  56          U16 code c_wave2[75]={0x9194,0x08ca,
  57                  0x8118,0x0118,0x8118,0x0118,0x8118,0x0118,0x8118,0x0348,
  58                  0x8118,0x0118,0x8118,0x0118,0x8118,0x0118,0x8118,0x0118,
  59                  0x8118,0x0118,0x8118,0x0118,0x8118,0x0118,0x8118,0x0348,
  60                  0x8118,0x0118,0x8118,0x0118,0x8118,0x0118,0x8118,0x0118,
  61                  0x8118,0x0348,0x8118,0x0348,0x8118,0x0118,0x8118,0x0348,
  62                  0x8118,0x0348,0x8118,0x0348,0x8118,0x0118,0x8118,0x0348,
  63                  0x8118,0x0118,0x8118,0x0118,0x8118,0x0348,0x8118,0x0118,
  64                  0x8118,0x0118,0x8118,0x0118,0x8118,0x0348,0x8118,0x0118,
  65                  0x8118,0x0118,0x7fff,0x7fff,0x7fff,0x9194,0x0465,0x8118,
  66                  0x0118};
  67          // 两帧长间隔1
  68          U16 code c_wave3[80]={0x9194,0x08ca,
  69                  0x8118,0x0118,0x8118,0x0118,0x8118,0x0118,0x8118,0x0348,
  70                  0x8118,0x0118,0x8118,0x0118,0x8118,0x0118,0x8118,0x0118,
  71                  0x8118,0x0118,0x8118,0x0118,0x8118,0x0118,0x8118,0x0348,
  72                  0x8118,0x0118,0x8118,0x0118,0x8118,0x0118,0x8118,0x0118,
  73                  0x8118,0x0348,0x8118,0x0348,0x8118,0x0118,0x8118,0x0348,
  74                  0x8118,0x0348,0x8118,0x0348,0x8118,0x0118,0x8118,0x0348,
  75                  0x8118,0x0118,0x8118,0x0118,0x8118,0x0348,0x8118,0x0118,
  76                  0x8118,0x0118,0x8118,0x0118,0x8118,0x0348,0x8118,0x0118,
  77                  0x8118,0x0118,0x7fff,0x7fff,0x7fff,0x7fff,0x7fff,0x7fff,
  78                  0x7fff,0x7fff,0x9194,0x0465,0x8118,0x0118};
  79          
  80          // 3个不同帧(帧间隔相同)
  81          U16 code c_wave4[78]={0x9194,0x08ca,
  82                  0x8118,0x0118,0x8118,0x0118,0x8118,0x0118,0x8118,0x0348,
  83                  0x8118,0x0118,0x8118,0x0118,0x8118,0x0118,0x8118,0x0118,
  84                  0x8118,0x0118,0x8118,0x0118,0x8118,0x0118,0x8118,0x0348,
  85                  0x8118,0x0118,0x8118,0x0118,0x8118,0x0118,0x8118,0x0118,
  86                  0x8118,0x0348,0x8118,0x0348,0x8118,0x0118,0x8118,0x0348,
  87                  0x8118,0x0348,0x8118,0x0348,0x8118,0x0118,0x8118,0x0348,
  88                  0x8118,0x0118,0x8118,0x0118,0x8118,0x0348,0x8118,0x0118,
  89                  0x8118,0x0118,0x8118,0x0118,0x8118,0x0348,0x8118,0x0118,
  90                  0x8118,0x0118,0x5AA0,0x9194,0x0465,0x8118,0x0118,0x5AA0,
  91                  0x8a94,0x0265,0x8118,0x0118};
  92          
  93          // 3个不同帧(帧间隔不同)
  94          U16 code c_wave5[82]={0x9194,0x08ca,
  95                  0x8118,0x0118,0x8118,0x0118,0x8118,0x0118,0x8118,0x0348,
  96                  0x8118,0x0118,0x8118,0x0118,0x8118,0x0118,0x8118,0x0118,
  97                  0x8118,0x0118,0x8118,0x0118,0x8118,0x0118,0x8118,0x0348,
  98                  0x8118,0x0118,0x8118,0x0118,0x8118,0x0118,0x8118,0x0118,
  99                  0x8118,0x0348,0x8118,0x0348,0x8118,0x0118,0x8118,0x0348,
 100                  0x8118,0x0348,0x8118,0x0348,0x8118,0x0118,0x8118,0x0348,
 101                  0x8118,0x0118,0x8118,0x0118,0x8118,0x0348,0x8118,0x0118,
 102                  0x8118,0x0118,0x8118,0x0118,0x8118,0x0348,0x8118,0x0118,
 103                  0x8118,0x0118,0x5AA0,0x9194,0x0465,0x8118,0x0118,0x7fff,
 104                  0x7fff,0x7fff,0x7fff,0x7fff,0x9094,0x0265,0x8118,0x0118};
 105          
 106          void RCEmit(U8 WaveNum,U16 *pSendData)
 107          { 
 108   1        U8 count;
 109   1        U16 snddata;
 110   1          count=0;
 111   1          while(1)
 112   1          {
 113   2          if (!T168FULL) 
 114   2          {   
 115   3            snddata = pSendData[count];
 116   3            T168DATA0 = snddata>>8;
C51 COMPILER V9.53.0.0   RCSENDWAVE                                                        12/08/2015 15:11:01 PAGE 3   

 117   3            T168DATA1 = snddata;
 118   3            count++;
 119   3            if(count>=WaveNum)
 120   3              goto Send_end;
 121   3              
 122   3            if(!T168START)
 123   3              T168START = 1;
 124   3            while(T168FULL);          
 125   3          }
 126   2          else
 127   2          {
 128   3            if(!T168START)
 129   3              T168START = 1;
 130   3          }         
 131   2          ClrWDT();
 132   2          } 
 133   1        
 134   1        Send_end:
 135   1          while(!T168REMEND);
 136   1        P30 = 0;
 137   1        T168START = 0;
 138   1        T168EN = 0;
 139   1      }
 140          /*************************************************************************************
 141          发码初始化
 142          *************************************************************************************/
 143          
 144          
 145          void IrSent(void)
 146          {
 147   1        CRTCON1=0x88; // 选T168
 148   1        CRTCON2=0x00;
 149   1        GA_CarrierTime=0x67;
 150   1        if(GA_CarrierTime)
 151   1        {
 152   2          GA_temp=GA_CarrierTime/3;            
 153   2          CRTDATA1=0xFF-GA_temp;
 154   2          CRTDATA0=0xFF-(GA_CarrierTime-GA_temp);   
 155   2        }
 156   1        else
 157   1        {// 无载波
 158   2          CRTDATA0=0xFF;
 159   2          CRTDATA1=0xFF;
 160   2          CRTCON1=0x08;   // 选T168
 161   2        }
 162   1      
 163   1        xIOMUX0 = 0x40;  // 允许REM输出, REM输出到P3.0
 164   1        T168CON = 0xa1;
 165   1        P3=0x00;
 166   1          P3MDL=0x1a; // zzl_m p3.3(CPN)无上拉
 167   1        
 168   1        LED1ON();
*** WARNING C206 IN LINE 168 OF src\RcSendWave.c: 'LED1ON': missing function-prototype
 169   1        ClrWDT();   
 170   1        
 171   1        if(GA_KeyNo==8){
 172   2          RCEmit(73,c_wave1);
 173   2        }
 174   1        else if(GA_KeyNo==9){
 175   2          RCEmit(75,c_wave2);
 176   2        }
 177   1        else if(GA_KeyNo==6){
C51 COMPILER V9.53.0.0   RCSENDWAVE                                                        12/08/2015 15:11:01 PAGE 4   

 178   2          RCEmit(80,c_wave3);
 179   2        }
 180   1        else if(GA_KeyNo==7){
 181   2          RCEmit(78,c_wave4);
 182   2        }
 183   1        else if(GA_KeyNo==14){
 184   2          RCEmit(82,c_wave5);
 185   2        }
 186   1        else{
 187   2          RCEmit(68,c_wave);
 188   2        } 
 189   1        
 190   1        LED1OFF();
*** WARNING C206 IN LINE 190 OF src\RcSendWave.c: 'LED1OFF': missing function-prototype
 191   1        WaitKeyRelease();
 192   1      }
 193          /*********************************************************************************************************
             -*\
 194            功能：
 195                发码主程序；
 196            参数：
 197              SentSwitch根据该参数有区别的解码  
 198            全局变量：
 199              struct rCMData data AscData;
 200              U8 GA_KeyNo
 201              全局变量中都有实际的值了；    
 202            函数返回：
 203          
 204            注意：
 205                
 206          \*********************************************************************************************************
             -*/
 207          void IrWaveSent(void)
 208          { 
 209   1        IrSent();     
 210   1      }
 211          


MODULE INFORMATION:   STATIC OVERLAYABLE
   CODE SIZE        =    247    ----
   CONSTANT SIZE    =    912    ----
   XDATA SIZE       =   ----    ----
   PDATA SIZE       =   ----    ----
   DATA SIZE        =   ----       5
   IDATA SIZE       =   ----    ----
   BIT SIZE         =   ----    ----
END OF MODULE INFORMATION.


C51 COMPILATION COMPLETE.  2 WARNING(S),  0 ERROR(S)
