C51 COMPILER V9.00   SPI                                                                   04/19/2017 13:53:12 PAGE 1   


C51 COMPILER V9.00, COMPILATION OF MODULE SPI
OBJECT MODULE PLACED IN .\Output\spi.obj
COMPILER INVOKED BY: C:\Keil\C51\BIN\C51.EXE ..\..\..\Libraries\sc51f3364_Periph_Driver\src\spi.c BROWSE INCDIR(..\..\..
                    -\Libraries\sc51f3364_Periph_Driver\inc;..\..\..\Libraries\sc51f3364_Periph_Driver\src;.\user\inc;.\user\src;..\IR_Sample
                    -) DEBUG OBJECTEXTEND PRINT(.\Listing\spi.lst) OBJECT(.\Output\spi.obj)

line level    source

   1          /**
   2            ******************************************************************************
   3            * @file      spi.c
   4            * @author    MCU Application Team 
   5            * @version   V1.0.0
   6            * @date      13-Mar-2017
   7            * @brief     spi functions
   8            *            History:
   9            *
  10            ******************************************************************************
  11            * @attention
  12            *
  13            * <h2><center>&copy; COPYRIGHT 2016 Silan Microelectronics </center></h2>
  14            *
  15            * THE PRESENT SOFTWARE WHICH IS FOR GUIDANCE ONLY AIMS AT PROVIDING CUSTOMERS
  16            * WITH CODING INFORMATION REGARDING THEIR PRODUCTS IN ORDER FOR THEM TO SAVE TIME.
  17            * AS A RESULT, SLMICROELECTRONICS SHALL NOT BE HELD LIABLE FOR ANY DIRECT,
  18            * INDIRECT OR CONSEQUENTIAL DAMAGES WITH RESPECT TO ANY CLAIMS ARISING FROM THE
  19            * CONTENT OF SUCH SOFTWARE AND/OR THE USE MADE BY CUSTOMERS OF THE CODING
  20            * INFORMATION CONTAINED HEREIN IN CONNECTION WITH THEIR PRODUCTS.
  21            *
  22            * THIS SOFTWARE IS PROVIDED BY THE COPYRIGHT HOLDERS AND CONTRIBUTORS "AS IS"
  23            * AND ANY EXPRESS OR IMPLIED WARRANTIES, INCLUDING, BUT NOT LIMITED TO, THE
  24            * IMPLIED WARRANTIES OF MERCHANTABILITY AND FITNESS FOR A PARTICULAR PURPOSE ARE
  25            * DISCLAIMED.
  26            * 
  27            ******************************************************************************
  28            */
  29          
  30          #include <INTRINS.H>
  31          #include "SC51F33XX.h"
  32          #include "sc51f33xx_sys.h"
  33          #include "sc51f33xx_hal_conf.h"
  34          #include "spi.h"
  35          #include "delay.h"
  36          #include "uart.h"
  37          
  38          U8 SPI_RecBuff[8],g_u8SPI_RecNum = 0;
  39          /**
  40            * @brief spi initialization function
  41            * @param Host_Slave_Manner: the manner of master/slave working in 
  42            * @retval None
  43            */
  44          void SpiInit(Spi_Manner Host_Slave_Manner)
  45          {
  46   1          xIOMUX1 |= IOMUX_SPI;
  47   1          switch(Host_Slave_Manner)
  48   1          {
  49   2              case MultipleHost_FullDuplex:/*work in multiple host and full duplex type*/
  50   2                   SPICON0 |= 0x44;        /*host manner and conflict detection*/
  51   2                   SPICON0 &= 0xEF;
  52   2                     break;
  53   2              case SingleHost_FullDuplex:  /*work in single host and full duplex type*/
C51 COMPILER V9.00   SPI                                                                   04/19/2017 13:53:12 PAGE 2   

  54   2                   SPICON0 |= 0x60;
  55   2                   SPICON0 &= 0xEF;
  56   2                     break;
  57   2              case SingleHost_HalfDuplex:  /*work in single host and half duplex type*/
  58   2                   SPICON0 |= 0x50;
  59   2                     break;
  60   2              case Slave_FullDuplex:       /*work in slave manner and full duplex type*/
  61   2                   SPICON0 &= 0x00;
  62   2                   SPICON0 |= 0x20;
  63   2                     break;
  64   2              case Slave_HalfDuplex:       /*work in slave manner and half duplex type*/
  65   2                   SPICON0 &= 0xBF;
  66   2                   SPICON0 |= 0x10;
  67   2                     break;
  68   2              default:
  69   2                       return;
  70   2          }
  71   1          SPICON1 &= 0x00;
  72   1          SPICON1 |= 0x01;
  73   1          P10 = 0;         /*select slave*/
  74   1          SPIDAT   = 0;
  75   1          EIE1 |= 0x01;
  76   1          EA = 1;
  77   1          SPICON0 |= 0x81; /*enable spi and receive interrupt0*/
  78   1      }
  79          /**
  80            * @brief spi send n bytes function
  81            * @param buff: the array will be sent 
  82            * @param len: the length of array 
  83            * @retval None
  84            */
  85          void Spi_MasteSend_Bytes(U8 *buff,U8 len)
  86          {
  87   1          U8 m_u8k;
  88   1          P10 = 0;
  89   1          EIE1 &= 0xFE;
  90   1          for(m_u8k = 0;m_u8k < len;m_u8k++)
  91   1          {
  92   2              while(!SPTEF);
  93   2              SPIDAT = buff[m_u8k];
  94   2              Delay10US(1);
  95   2          }
  96   1          EIE1 |= 0x01;
  97   1          P10 = 1;
  98   1      }
  99          /**
 100            * @brief spi receive function
 101            * @param len: the number of bytes  
 102            * @retval None
 103            */
 104          void SPI_Receive_Bytes(U8 len)
 105          {
 106   1          while(!SPRF);
 107   1          if(g_u8SPI_RecNum >= len) g_u8SPI_RecNum = 0;
 108   1          SPI_RecBuff[g_u8SPI_RecNum] = SPIDAT;
 109   1          Uart0_Onebyte_Send(SPI_RecBuff[g_u8SPI_RecNum]);
 110   1          g_u8SPI_RecNum++;    
 111   1          SPIFLG &= ~0x20;/*clear SPRF*/
 112   1      }
 113          /******************** (C) COPYRIGHT Silan Microelectronics *****END OF FILE****/


C51 COMPILER V9.00   SPI                                                                   04/19/2017 13:53:12 PAGE 3   

MODULE INFORMATION:   STATIC OVERLAYABLE
   CODE SIZE        =    185    ----
   CONSTANT SIZE    =   ----    ----
   XDATA SIZE       =   ----    ----
   PDATA SIZE       =   ----    ----
   DATA SIZE        =      9       5
   IDATA SIZE       =   ----    ----
   BIT SIZE         =   ----    ----
END OF MODULE INFORMATION.


C51 COMPILATION COMPLETE.  0 WARNING(S),  0 ERROR(S)
