C51 COMPILER V9.00   T168                                                                  04/19/2017 13:53:02 PAGE 1   


C51 COMPILER V9.00, COMPILATION OF MODULE T168
OBJECT MODULE PLACED IN .\Output\t168.obj
COMPILER INVOKED BY: C:\Keil\C51\BIN\C51.EXE ..\..\..\Libraries\sc51f3364_Periph_Driver\src\t168.c BROWSE INCDIR(..\..\.
                    -.\Libraries\sc51f3364_Periph_Driver\inc;..\..\..\Libraries\sc51f3364_Periph_Driver\src;.\user\inc;.\user\src;..\IR_Sampl
                    -e) DEBUG OBJECTEXTEND PRINT(.\Listing\t168.lst) OBJECT(.\Output\t168.obj)

line level    source

   1          /**
   2            ******************************************************************************
   3            * @file      t168.c
   4            * @author    MCU Application Team 
   5            * @version   V1.0.0
   6            * @date      12-Oct-2016
   7            * @brief     spi functions
   8            *            History:
   9            *
  10            ******************************************************************************
  11            * @attention
  12            *
  13            * <h2><center>&copy; COPYRIGHT 2016 Silan Microelectronics </center></h2>
  14            *
  15            * THE PRESENT SOFTWARE WHICH IS FOR GUIDANCE ONLY AIMS AT PROVIDING CUSTOMERS
  16            * WITH CODING INFORMATION REGARDING THEIR PRODUCTS IN ORDER FOR THEM TO SAVE TIME.
  17            * AS A RESULT, SLMICROELECTRONICS SHALL NOT BE HELD LIABLE FOR ANY DIRECT,
  18            * INDIRECT OR CONSEQUENTIAL DAMAGES WITH RESPECT TO ANY CLAIMS ARISING FROM THE
  19            * CONTENT OF SUCH SOFTWARE AND/OR THE USE MADE BY CUSTOMERS OF THE CODING
  20            * INFORMATION CONTAINED HEREIN IN CONNECTION WITH THEIR PRODUCTS.
  21            *
  22            * THIS SOFTWARE IS PROVIDED BY THE COPYRIGHT HOLDERS AND CONTRIBUTORS "AS IS"
  23            * AND ANY EXPRESS OR IMPLIED WARRANTIES, INCLUDING, BUT NOT LIMITED TO, THE
  24            * IMPLIED WARRANTIES OF MERCHANTABILITY AND FITNESS FOR A PARTICULAR PURPOSE ARE
  25            * DISCLAIMED.
  26            * 
  27            ******************************************************************************
  28            */
  29            
  30          #include <INTRINS.H>
  31          #include "SC51F33XX.h"
  32          #include "sc51f33xx_sys.h"
  33          #include "sc51f33xx_hal_conf.h"
  34          #include "sysclk.h"
  35          #include "crt.h"
  36          #include "delay.h"
  37          #include "wdt.h"
  38          #include "t168.h"
  39          
  40          
  41          /**
  42            * @brief write data to t168 fifo, and auto send this data
  43            * @param WaveNum: data length in bytes
  44            * @param pSendData: the array of data that to be sent
  45            * @retval None
  46            */
  47          void t168_send(U8 WaveNum,U16 *pSendData)
  48          {       
  49   1          U8 count;
  50   1          U16 snddata;
  51   1          ClrWDT();    
  52   1          clk_div(2);  /* set if necessary, (FCLK=8MHz)/16 --> unit=2us */
  53   1          count=0;
C51 COMPILER V9.00   T168                                                                  04/19/2017 13:53:02 PAGE 2   

  54   1          while(1)
  55   1          {
  56   2              if (!T168FULL) 
  57   2              {               
  58   3                  snddata = pSendData[count];
  59   3                  T168DATA0 = snddata>>8;
  60   3                  T168DATA1 = snddata;
  61   3                  count++;
  62   3                  if(count>=WaveNum)
  63   3                      break;
  64   3                      
  65   3                  if(!T168START)
  66   3                      T168START = 1;
  67   3                  while(T168FULL);          
  68   3              }
  69   2              else
  70   2              {
  71   3                  if(!T168START)
  72   3                      T168START = 1;
  73   3              }         
  74   2              ClrWDT();
  75   2          }   
  76   1          while(!T168REMEND);
  77   1          P30 = 0;
  78   1          T168START = 0;
  79   1          T168EN = 0;
  80   1          clk_div(1);  /* set back if clk_div(2) was set before */
  81   1      }
  82          
  83          /**
  84            * @brief t168 clock config
  85            * @param clk: t168 clk divider, can be a value of:
  86            *     @arg T168_CLK_DIV16
  87            *     @arg T168_CLK_DIV8
  88            *     @arg T168_CLK_DIV4
  89            *     @arg T168_CLK_DIV2
  90            * @retval None
  91            */
  92          void t168_clk(U8 clk)
  93          {
  94   1          T168CON &= 0xcf;
  95   1          T168CON |= clk;
  96   1      }
  97          
  98          /**
  99            * @brief t168 register initial
 100            * @retval None
 101            */
 102          void t168_init(void)
 103          {
 104   1          t168_clk(T168_CLK_DIV16);
 105   1          T168_ENABLE();
 106   1          T168_IO_INIT();
 107   1      }
 108          
 109          /******************** (C) COPYRIGHT Silan Microelectronics *****END OF FILE****/


MODULE INFORMATION:   STATIC OVERLAYABLE
   CODE SIZE        =    114    ----
   CONSTANT SIZE    =   ----    ----
   XDATA SIZE       =   ----    ----
C51 COMPILER V9.00   T168                                                                  04/19/2017 13:53:02 PAGE 3   

   PDATA SIZE       =   ----    ----
   DATA SIZE        =   ----       5
   IDATA SIZE       =   ----    ----
   BIT SIZE         =   ----    ----
END OF MODULE INFORMATION.


C51 COMPILATION COMPLETE.  0 WARNING(S),  0 ERROR(S)
