C51 COMPILER V9.60.0.0   WDT                                                               07/20/2021 14:05:39 PAGE 1   


C51 COMPILER V9.60.0.0, COMPILATION OF MODULE WDT
OBJECT MODULE PLACED IN .\Output\wdt.obj
COMPILER INVOKED BY: C:\Keil_v5\C51\BIN\C51.EXE ..\..\..\Libraries\sc51f3364_Periph_Driver\src\wdt.c OPTIMIZE(8,SPEED) B
                    -ROWSE INCDIR(..\..\..\Libraries\sc51f3364_Periph_Driver\inc;..\..\..\Libraries\sc51f3364_Periph_Driver\src;.\user\inc;.\
                    -user\src;..\IR_Sample) DEBUG OBJECTEXTEND PRINT(.\Listing\wdt.lst) TABS(2) OBJECT(.\Output\wdt.obj)

line level    source

   1          /**
   2            ******************************************************************************
   3            * @file      wdt.c
   4            * @author    MCU Application Team 
   5            * @version   V1.0.0
   6            * @date      12-Oct-2016
   7            * @brief     wdt
   8            *            History:
   9            *
  10            ******************************************************************************
  11            * @attention
  12            *
  13            * <h2><center>&copy; COPYRIGHT 2019 Silan Microelectronics </center></h2>
  14            *
  15            * THE PRESENT SOFTWARE WHICH IS FOR GUIDANCE ONLY AIMS AT PROVIDING CUSTOMERS
  16            * WITH CODING INFORMATION REGARDING THEIR PRODUCTS IN ORDER FOR THEM TO SAVE TIME.
  17            * AS A RESULT, SILAN MICROELECTRONICS SHALL NOT BE HELD LIABLE FOR ANY DIRECT,
  18            * INDIRECT OR CONSEQUENTIAL DAMAGES WITH RESPECT TO ANY CLAIMS ARISING FROM THE
  19            * CONTENT OF SUCH SOFTWARE AND/OR THE USE MADE BY CUSTOMERS OF THE CODING
  20            * INFORMATION CONTAINED HEREIN IN CONNECTION WITH THEIR PRODUCTS.
  21            *
  22            * THIS SOFTWARE IS PROVIDED BY THE COPYRIGHT HOLDERS AND CONTRIBUTORS "AS IS"
  23            * AND ANY EXPRESS OR IMPLIED WARRANTIES, INCLUDING, BUT NOT LIMITED TO, THE
  24            * IMPLIED WARRANTIES OF MERCHANTABILITY AND FITNESS FOR A PARTICULAR PURPOSE ARE
  25            * DISCLAIMED.
  26            * 
  27            ******************************************************************************
  28            */
  29          #include "SC51F33XX.h"
  30          #include "wdt.h"
  31          
  32          /**
  33            * @brief Clear WDT
  34            * @retval None
  35            */
  36          void ClrWDT()
  37          {
  38   1        WDTCLR0=0x00;  
  39   1        WDTCLR1=0x00;  
  40   1        WDTCLR0=0x53; 
  41   1        WDTCLR1=0xAC;
  42   1      }
  43          
  44          /******************** (C) COPYRIGHT Silan Microelectronics *****END OF FILE****/


MODULE INFORMATION:   STATIC OVERLAYABLE
   CODE SIZE        =     12    ----
   CONSTANT SIZE    =   ----    ----
   XDATA SIZE       =   ----    ----
   PDATA SIZE       =   ----    ----
   DATA SIZE        =   ----    ----
   IDATA SIZE       =   ----    ----
C51 COMPILER V9.60.0.0   WDT                                                               07/20/2021 14:05:39 PAGE 2   

   BIT SIZE         =   ----    ----
END OF MODULE INFORMATION.


C51 COMPILATION COMPLETE.  0 WARNING(S),  0 ERROR(S)
